<?xml version="1.0" encoding="UTF-8"?>
<!-- Generated by org.testng.reporters.JUnitReportReporter -->
<testsuite hostname="hp-PC" failures="0" tests="3" name="com.comcast.createContact.CreateContactTest" time="0.031" errors="0" timestamp="23 Sep 2021 06:49:30 GMT" skipped="0">
  <testcase classname="com.comcast.createContact.CreateContactTest" name="deleteContact" time="0.002"/>
  <testcase classname="com.comcast.createContact.CreateContactTest" name="createContactWithOrg" time="0.004"/>
  <testcase classname="com.comcast.createContact.CreateContactTest" name="createContact" time="0.025"/>
</testsuite> <!-- com.comcast.createContact.CreateContactTest -->
