<?xml version="1.0" encoding="UTF-8"?>
<!-- Generated by org.testng.reporters.JUnitReportReporter -->
<testsuite hostname="hp-PC" failures="0" tests="3" name="com.comcast.CreateOrganization.CreateOrganizationTest" time="0.037" errors="0" timestamp="21 Sep 2021 11:27:55 GMT" skipped="0">
  <testcase classname="com.comcast.CreateOrganization.CreateOrganizationTest" name="createOrgWithContact" time="0.003"/>
  <testcase classname="com.comcast.CreateOrganization.CreateOrganizationTest" name="createOrgFromLead" time="0.026"/>
  <testcase classname="com.comcast.CreateOrganization.CreateOrganizationTest" name="createOrgTest" time="0.008"/>
</testsuite> <!-- com.comcast.CreateOrganization.CreateOrganizationTest -->
