<?xml version="1.0" encoding="UTF-8"?>
<!-- Generated by org.testng.reporters.JUnitReportReporter -->
<testsuite hostname="hp-PC" failures="0" tests="3" name="com.comcast.createContact.CreateContactTest" time="0.056" errors="0" timestamp="22 Sep 2021 11:47:10 GMT" skipped="0">
  <testcase classname="com.comcast.createContact.CreateContactTest" name="deleteContact" time="0.002"/>
  <testcase classname="com.comcast.createContact.CreateContactTest" name="createContact" time="0.052"/>
  <testcase classname="com.comcast.createContact.CreateContactTest" name="createContactWithOrg" time="0.002"/>
</testsuite> <!-- com.comcast.createContact.CreateContactTest -->
